2024-11-26 19:23:58:1061 error: No metadata for "ResponsableEntity" was found. EntityMetadataNotFoundError: No metadata for "ResponsableEntity" was found.
    at DataSource.getMetadata (C:\Users\Anjhell Reyes\Documents\Node Js\Clase_11\arquitectura_limpia\src\data-source\DataSource.ts:450:30)
    at Repository.get metadata [as metadata] (C:\Users\Anjhell Reyes\Documents\Node Js\Clase_11\arquitectura_limpia\src\repository\Repository.ts:53:40)
    at Repository.create (C:\Users\Anjhell Reyes\Documents\Node Js\Clase_11\arquitectura_limpia\src\repository\Repository.ts:130:18)
    at DefaultCrudRepository.<anonymous> (C:\Users\Anjhell Reyes\Documents\Node Js\Clase_11\arquitectura_limpia\src\infrastructure\persistence\repositories\DefaultCrudRepository.ts:23:31)
    at Generator.next (<anonymous>)
    at C:\Users\Anjhell Reyes\Documents\Node Js\Clase_11\arquitectura_limpia\src\infrastructure\persistence\repositories\DefaultCrudRepository.ts:8:71
    at new Promise (<anonymous>)
    at __awaiter (C:\Users\Anjhell Reyes\Documents\Node Js\Clase_11\arquitectura_limpia\src\infrastructure\persistence\repositories\DefaultCrudRepository.ts:4:12)
    at DefaultCrudRepository.create (C:\Users\Anjhell Reyes\Documents\Node Js\Clase_11\arquitectura_limpia\src\infrastructure\persistence\repositories\DefaultCrudRepository.ts:24:16)
    at ResponsableRepository.<anonymous> (C:\Users\Anjhell Reyes\Documents\Node Js\Clase_11\arquitectura_limpia\src\infrastructure\persistence\repositories\responsableRepository.ts:21:49)
2024-11-26 19:25:01:1712 error: No metadata for "ResponsableEntity" was found. EntityMetadataNotFoundError: No metadata for "ResponsableEntity" was found.
    at DataSource.getMetadata (C:\Users\Anjhell Reyes\Documents\Node Js\Clase_11\arquitectura_limpia\src\data-source\DataSource.ts:450:30)
    at Repository.get metadata [as metadata] (C:\Users\Anjhell Reyes\Documents\Node Js\Clase_11\arquitectura_limpia\src\repository\Repository.ts:53:40)
    at Repository.create (C:\Users\Anjhell Reyes\Documents\Node Js\Clase_11\arquitectura_limpia\src\repository\Repository.ts:130:18)
    at DefaultCrudRepository.<anonymous> (C:\Users\Anjhell Reyes\Documents\Node Js\Clase_11\arquitectura_limpia\src\infrastructure\persistence\repositories\DefaultCrudRepository.ts:23:31)
    at Generator.next (<anonymous>)
    at C:\Users\Anjhell Reyes\Documents\Node Js\Clase_11\arquitectura_limpia\src\infrastructure\persistence\repositories\DefaultCrudRepository.ts:8:71
    at new Promise (<anonymous>)
    at __awaiter (C:\Users\Anjhell Reyes\Documents\Node Js\Clase_11\arquitectura_limpia\src\infrastructure\persistence\repositories\DefaultCrudRepository.ts:4:12)
    at DefaultCrudRepository.create (C:\Users\Anjhell Reyes\Documents\Node Js\Clase_11\arquitectura_limpia\src\infrastructure\persistence\repositories\DefaultCrudRepository.ts:24:16)
    at ResponsableRepository.<anonymous> (C:\Users\Anjhell Reyes\Documents\Node Js\Clase_11\arquitectura_limpia\src\infrastructure\persistence\repositories\responsableRepository.ts:21:49)
2024-11-26 19:49:00:4745 error: Cannot add or update a child row: a foreign key constraint fails (`cop16_api`.`responsables`, CONSTRAINT `responsables_ibfk_1` FOREIGN KEY (`id_task`) REFERENCES `tasks` (`id`)) QueryFailedError: Cannot add or update a child row: a foreign key constraint fails (`cop16_api`.`responsables`, CONSTRAINT `responsables_ibfk_1` FOREIGN KEY (`id_task`) REFERENCES `tasks` (`id`))
    at Query.onResult (C:\Users\Anjhell Reyes\Documents\Node Js\Clase_11\arquitectura_limpia\src\driver\mysql\MysqlQueryRunner.ts:246:33)
    at Query.execute (C:\Users\Anjhell Reyes\node_modules\mysql2\lib\commands\command.js:36:14)
    at PoolConnection.handlePacket (C:\Users\Anjhell Reyes\node_modules\mysql2\lib\connection.js:481:34)
    at PacketParser.onPacket (C:\Users\Anjhell Reyes\node_modules\mysql2\lib\connection.js:97:12)
    at PacketParser.executeStart (C:\Users\Anjhell Reyes\node_modules\mysql2\lib\packet_parser.js:75:16)
    at Socket.<anonymous> (C:\Users\Anjhell Reyes\node_modules\mysql2\lib\connection.js:104:25)
    at Socket.emit (node:events:519:28)
    at addChunk (node:internal/streams/readable:559:12)
    at readableAddChunkPushByteMode (node:internal/streams/readable:510:3)
    at Socket.Readable.push (node:internal/streams/readable:390:5)
2024-11-26 19:50:40:1191 error: Cannot add or update a child row: a foreign key constraint fails (`cop16_api`.`responsables`, CONSTRAINT `responsables_ibfk_1` FOREIGN KEY (`id_task`) REFERENCES `tasks` (`id`)) QueryFailedError: Cannot add or update a child row: a foreign key constraint fails (`cop16_api`.`responsables`, CONSTRAINT `responsables_ibfk_1` FOREIGN KEY (`id_task`) REFERENCES `tasks` (`id`))
    at Query.onResult (C:\Users\Anjhell Reyes\Documents\Node Js\Clase_11\arquitectura_limpia\src\driver\mysql\MysqlQueryRunner.ts:246:33)
    at Query.execute (C:\Users\Anjhell Reyes\node_modules\mysql2\lib\commands\command.js:36:14)
    at PoolConnection.handlePacket (C:\Users\Anjhell Reyes\node_modules\mysql2\lib\connection.js:481:34)
    at PacketParser.onPacket (C:\Users\Anjhell Reyes\node_modules\mysql2\lib\connection.js:97:12)
    at PacketParser.executeStart (C:\Users\Anjhell Reyes\node_modules\mysql2\lib\packet_parser.js:75:16)
    at Socket.<anonymous> (C:\Users\Anjhell Reyes\node_modules\mysql2\lib\connection.js:104:25)
    at Socket.emit (node:events:519:28)
    at addChunk (node:internal/streams/readable:559:12)
    at readableAddChunkPushByteMode (node:internal/streams/readable:510:3)
    at Socket.Readable.push (node:internal/streams/readable:390:5)
